<?xml version="1.0" encoding="UTF-8"?>
<testng-results ignored="0" total="1" passed="1" failed="0" skipped="0">
  <reporter-output>
  </reporter-output>
  <suite started-at="2025-02-03T20:36:12 IST" name="Default suite" finished-at="2025-02-03T20:36:21 IST" duration-ms="8766">
    <groups>
    </groups>
    <test started-at="2025-02-03T20:36:12 IST" name="Default test" finished-at="2025-02-03T20:36:21 IST" duration-ms="8766">
      <class name="javaSeleniumUIAutomation.Tests.SuccessfulLogIn">
        <test-method is-config="true" signature="launchApplication()[pri:0, instance:javaSeleniumUIAutomation.Tests.SuccessfulLogIn@70e9c95d]" started-at="2025-02-03T20:36:12 IST" name="launchApplication" finished-at="2025-02-03T20:36:16 IST" duration-ms="3664" status="PASS">
          <reporter-output>
          </reporter-output>
        </test-method> <!-- launchApplication -->
        <test-method signature="successfulLogIn()[pri:0, instance:javaSeleniumUIAutomation.Tests.SuccessfulLogIn@70e9c95d]" started-at="2025-02-03T20:36:16 IST" name="successfulLogIn" finished-at="2025-02-03T20:36:20 IST" duration-ms="4874" status="PASS">
          <reporter-output>
          </reporter-output>
        </test-method> <!-- successfulLogIn -->
        <test-method is-config="true" signature="tearDown()[pri:0, instance:javaSeleniumUIAutomation.Tests.SuccessfulLogIn@70e9c95d]" started-at="2025-02-03T20:36:20 IST" name="tearDown" finished-at="2025-02-03T20:36:21 IST" duration-ms="148" status="PASS">
          <reporter-output>
          </reporter-output>
        </test-method> <!-- tearDown -->
      </class> <!-- javaSeleniumUIAutomation.Tests.SuccessfulLogIn -->
    </test> <!-- Default test -->
  </suite> <!-- Default suite -->
</testng-results>
