<?xml version="1.0" encoding="UTF-8"?>
<testng-results ignored="0" total="2" passed="2" failed="0" skipped="0">
  <reporter-output>
  </reporter-output>
  <suite started-at="2025-02-03T22:36:54 IST" name="Default suite" finished-at="2025-02-03T22:37:35 IST" duration-ms="41479">
    <groups>
    </groups>
    <test started-at="2025-02-03T22:36:54 IST" name="Default test" finished-at="2025-02-03T22:37:35 IST" duration-ms="41479">
      <class name="javaSeleniumUIAutomation.Tests.LogIn">
        <test-method is-config="true" signature="launchApplication()[pri:0, instance:javaSeleniumUIAutomation.Tests.LogIn@4d5650ae]" started-at="2025-02-03T22:36:54 IST" name="launchApplication" finished-at="2025-02-03T22:37:04 IST" duration-ms="9720" status="PASS">
          <reporter-output>
          </reporter-output>
        </test-method> <!-- launchApplication -->
        <test-method signature="successfulLogIn()[pri:0, instance:javaSeleniumUIAutomation.Tests.LogIn@4d5650ae]" started-at="2025-02-03T22:37:04 IST" name="successfulLogIn" finished-at="2025-02-03T22:37:11 IST" duration-ms="7579" status="PASS">
          <reporter-output>
          </reporter-output>
        </test-method> <!-- successfulLogIn -->
        <test-method is-config="true" signature="tearDown()[pri:0, instance:javaSeleniumUIAutomation.Tests.LogIn@4d5650ae]" started-at="2025-02-03T22:37:11 IST" name="tearDown" finished-at="2025-02-03T22:37:12 IST" duration-ms="645" status="PASS">
          <reporter-output>
          </reporter-output>
        </test-method> <!-- tearDown -->
        <test-method is-config="true" signature="launchApplication()[pri:0, instance:javaSeleniumUIAutomation.Tests.LogIn@4d5650ae]" started-at="2025-02-03T22:37:12 IST" name="launchApplication" finished-at="2025-02-03T22:37:19 IST" duration-ms="7398" status="PASS">
          <reporter-output>
          </reporter-output>
        </test-method> <!-- launchApplication -->
        <test-method signature="unsuccessfulLogIn()[pri:0, instance:javaSeleniumUIAutomation.Tests.LogIn@4d5650ae]" started-at="2025-02-03T22:37:19 IST" name="unsuccessfulLogIn" finished-at="2025-02-03T22:37:35 IST" duration-ms="15287" status="PASS">
          <reporter-output>
          </reporter-output>
        </test-method> <!-- unsuccessfulLogIn -->
        <test-method is-config="true" signature="tearDown()[pri:0, instance:javaSeleniumUIAutomation.Tests.LogIn@4d5650ae]" started-at="2025-02-03T22:37:35 IST" name="tearDown" finished-at="2025-02-03T22:37:35 IST" duration-ms="714" status="PASS">
          <reporter-output>
          </reporter-output>
        </test-method> <!-- tearDown -->
      </class> <!-- javaSeleniumUIAutomation.Tests.LogIn -->
    </test> <!-- Default test -->
  </suite> <!-- Default suite -->
</testng-results>
